# JRE version: Java(TM) SE Runtime Environment (8.0_162-b12) (build 1.8.0_162-b12)
# Java VM: Java HotSpot(TM) 64-Bit Server VM (25.162-b12 mixed mode windows-amd64 compressed oops)
Heap:
 PSYoungGen      total 301568K, used 177018K [0x00000000d5b80000, 0x00000000eca00000, 0x0000000100000000)
  eden space 284672K, 56% used [0x00000000d5b80000,0x00000000df816a68,0x00000000e7180000)
  from space 16896K, 98% used [0x00000000ead80000,0x00000000ebdc8140,0x00000000ebe00000)
  to   space 12288K, 0% used [0x00000000ebe00000,0x00000000ebe00000,0x00000000eca00000)
 ParOldGen       total 108544K, used 36421K [0x0000000081200000, 0x0000000087c00000, 0x00000000d5b80000)
  object space 108544K, 33% used [0x0000000081200000,0x0000000083591630,0x0000000087c00000)
 Metaspace       used 54392K, capacity 54994K, committed 55552K, reserved 1097728K
  class space    used 6606K, capacity 6814K, committed 6912K, reserved 1048576K
GC Heap History (10 events):
Event: 9.732 GC heap before
{Heap before GC invocations=9 (full 2):
 PSYoungGen      total 214528K, used 10226K [0x00000000d5b80000, 0x00000000eac80000, 0x0000000100000000)
  eden space 204288K, 0% used [0x00000000d5b80000,0x00000000d5b80000,0x00000000e2300000)
  from space 10240K, 99% used [0x00000000e2300000,0x00000000e2cfcb20,0x00000000e2d00000)
  to   space 15872K, 0% used [0x00000000e9d00000,0x00000000e9d00000,0x00000000eac80000)
 ParOldGen       total 61952K, used 19905K [0x0000000081200000, 0x0000000084e80000, 0x00000000d5b80000)
  object space 61952K, 32% used [0x0000000081200000,0x00000000825707a8,0x0000000084e80000)
 Metaspace       used 34692K, capacity 35174K, committed 35456K, reserved 1081344K
  class space    used 4252K, capacity 4398K, committed 4480K, reserved 1048576K
Event: 9.891 GC heap after
Heap after GC invocations=9 (full 2):
 PSYoungGen      total 214528K, used 0K [0x00000000d5b80000, 0x00000000eac80000, 0x0000000100000000)
  eden space 204288K, 0% used [0x00000000d5b80000,0x00000000d5b80000,0x00000000e2300000)
  from space 10240K, 0% used [0x00000000e2300000,0x00000000e2300000,0x00000000e2d00000)
  to   space 15872K, 0% used [0x00000000e9d00000,0x00000000e9d00000,0x00000000eac80000)
 ParOldGen       total 108544K, used 24953K [0x0000000081200000, 0x0000000087c00000, 0x00000000d5b80000)
  object space 108544K, 22% used [0x0000000081200000,0x0000000082a5e5c0,0x0000000087c00000)
 Metaspace       used 34692K, capacity 35174K, committed 35456K, reserved 1081344K
  class space    used 4252K, capacity 4398K, committed 4480K, reserved 1048576K
}
Event: 11.623 GC heap before
{Heap before GC invocations=10 (full 2):
 PSYoungGen      total 214528K, used 204288K [0x00000000d5b80000, 0x00000000eac80000, 0x0000000100000000)
  eden space 204288K, 100% used [0x00000000d5b80000,0x00000000e2300000,0x00000000e2300000)
  from space 10240K, 0% used [0x00000000e2300000,0x00000000e2300000,0x00000000e2d00000)
  to   space 15872K, 0% used [0x00000000e9d00000,0x00000000e9d00000,0x00000000eac80000)
 ParOldGen       total 108544K, used 24953K [0x0000000081200000, 0x0000000087c00000, 0x00000000d5b80000)
  object space 108544K, 22% used [0x0000000081200000,0x0000000082a5e5c0,0x0000000087c00000)
 Metaspace       used 38820K, capacity 39296K, committed 39808K, reserved 1083392K
  class space    used 4732K, capacity 4870K, committed 4992K, reserved 1048576K
Event: 11.641 GC heap after
Heap after GC invocations=10 (full 2):
 PSYoungGen      total 300544K, used 9932K [0x00000000d5b80000, 0x00000000ea700000, 0x0000000100000000)
  eden space 290304K, 0% used [0x00000000d5b80000,0x00000000d5b80000,0x00000000e7700000)
  from space 10240K, 96% used [0x00000000e9d00000,0x00000000ea6b32c8,0x00000000ea700000)
  to   space 15360K, 0% used [0x00000000e8900000,0x00000000e8900000,0x00000000e9800000)
 ParOldGen       total 108544K, used 24961K [0x0000000081200000, 0x0000000087c00000, 0x00000000d5b80000)
  object space 108544K, 22% used [0x0000000081200000,0x0000000082a605c0,0x0000000087c00000)
 Metaspace       used 38820K, capacity 39296K, committed 39808K, reserved 1083392K
  class space    used 4732K, capacity 4870K, committed 4992K, reserved 1048576K
}
Event: 42.826 GC heap before
{Heap before GC invocations=11 (full 2):
 PSYoungGen      total 300544K, used 300236K [0x00000000d5b80000, 0x00000000ea700000, 0x0000000100000000)
  eden space 290304K, 100% used [0x00000000d5b80000,0x00000000e7700000,0x00000000e7700000)
  from space 10240K, 96% used [0x00000000e9d00000,0x00000000ea6b32c8,0x00000000ea700000)
  to   space 15360K, 0% used [0x00000000e8900000,0x00000000e8900000,0x00000000e9800000)
 ParOldGen       total 108544K, used 24961K [0x0000000081200000, 0x0000000087c00000, 0x00000000d5b80000)
  object space 108544K, 22% used [0x0000000081200000,0x0000000082a605c0,0x0000000087c00000)
 Metaspace       used 52066K, capacity 52630K, committed 53120K, reserved 1095680K
  class space    used 6515K, capacity 6676K, committed 6784K, reserved 1048576K
Event: 42.862 GC heap after
Heap after GC invocations=11 (full 2):
 PSYoungGen      total 324096K, used 15352K [0x00000000d5b80000, 0x00000000edf00000, 0x0000000100000000)
  eden space 308736K, 0% used [0x00000000d5b80000,0x00000000d5b80000,0x00000000e8900000)
  from space 15360K, 99% used [0x00000000e8900000,0x00000000e97fe0c0,0x00000000e9800000)
  to   space 22016K, 0% used [0x00000000ec980000,0x00000000ec980000,0x00000000edf00000)
 ParOldGen       total 108544K, used 36378K [0x0000000081200000, 0x0000000087c00000, 0x00000000d5b80000)
  object space 108544K, 33% used [0x0000000081200000,0x00000000835869e0,0x0000000087c00000)
 Metaspace       used 52066K, capacity 52630K, committed 53120K, reserved 1095680K
  class space    used 6515K, capacity 6676K, committed 6784K, reserved 1048576K
}
Event: 1392.833 GC heap before
{Heap before GC invocations=12 (full 2):
 PSYoungGen      total 324096K, used 324088K [0x00000000d5b80000, 0x00000000edf00000, 0x0000000100000000)
  eden space 308736K, 100% used [0x00000000d5b80000,0x00000000e8900000,0x00000000e8900000)
  from space 15360K, 99% used [0x00000000e8900000,0x00000000e97fe0c0,0x00000000e9800000)
  to   space 22016K, 0% used [0x00000000ec980000,0x00000000ec980000,0x00000000edf00000)
 ParOldGen       total 108544K, used 36378K [0x0000000081200000, 0x0000000087c00000, 0x00000000d5b80000)
  object space 108544K, 33% used [0x0000000081200000,0x00000000835869e0,0x0000000087c00000)
 Metaspace       used 53722K, capacity 54330K, committed 54784K, reserved 1097728K
  class space    used 6602K, capacity 6810K, committed 6912K, reserved 1048576K
Event: 1392.867 GC heap after
Heap after GC invocations=12 (full 2):
 PSYoungGen      total 313856K, used 17210K [0x00000000d5b80000, 0x00000000eda80000, 0x0000000100000000)
  eden space 296448K, 0% used [0x00000000d5b80000,0x00000000d5b80000,0x00000000e7d00000)
  from space 17408K, 98% used [0x00000000ec980000,0x00000000eda4e900,0x00000000eda80000)
  to   space 23040K, 0% used [0x00000000ead80000,0x00000000ead80000,0x00000000ec400000)
 ParOldGen       total 108544K, used 36386K [0x0000000081200000, 0x0000000087c00000, 0x00000000d5b80000)
  object space 108544K, 33% used [0x0000000081200000,0x00000000835889e0,0x0000000087c00000)
 Metaspace       used 53722K, capacity 54330K, committed 54784K, reserved 1097728K
  class space    used 6602K, capacity 6810K, committed 6912K, reserved 1048576K
}
Event: 2785.090 GC heap before
{Heap before GC invocations=13 (full 2):
 PSYoungGen      total 313856K, used 313658K [0x00000000d5b80000, 0x00000000eda80000, 0x0000000100000000)
  eden space 296448K, 100% used [0x00000000d5b80000,0x00000000e7d00000,0x00000000e7d00000)
  from space 17408K, 98% used [0x00000000ec980000,0x00000000eda4e900,0x00000000eda80000)
  to   space 23040K, 0% used [0x00000000ead80000,0x00000000ead80000,0x00000000ec400000)
 ParOldGen       total 108544K, used 36386K [0x0000000081200000, 0x0000000087c00000, 0x00000000d5b80000)
  object space 108544K, 33% used [0x0000000081200000,0x00000000835889e0,0x0000000087c00000)
 Metaspace       used 54141K, capacity 54720K, committed 55296K, reserved 1097728K
  class space    used 6603K, capacity 6811K, committed 6912K, reserved 1048576K
Event: 2785.138 GC heap after
Heap after GC invocations=13 (full 2):
 PSYoungGen      total 301568K, used 16672K [0x00000000d5b80000, 0x00000000eca00000, 0x0000000100000000)
  eden space 284672K, 0% used [0x00000000d5b80000,0x00000000d5b80000,0x00000000e7180000)
  from space 16896K, 98% used [0x00000000ead80000,0x00000000ebdc8140,0x00000000ebe00000)
  to   space 12288K, 0% used [0x00000000ebe00000,0x00000000ebe00000,0x00000000eca00000)
 ParOldGen       total 108544K, used 36421K [0x0000000081200000, 0x0000000087c00000, 0x00000000d5b80000)
  object space 108544K, 33% used [0x0000000081200000,0x0000000083591630,0x0000000087c00000)
 Metaspace       used 54141K, capacity 54720K, committed 55296K, reserved 1097728K
  class space    used 6603K, capacity 6811K, committed 6912K, reserved 1048576K
}

